f:\visual studio\visual studio 2017\studia\landofblood\landofblood\x64\debug\vc143.pdb
f:\visual studio\visual studio 2017\studia\landofblood\landofblood\x64\debug\vc143.idb
f:\visual studio\visual studio 2017\studia\landofblood\landofblood\x64\debug\utils.obj
f:\visual studio\visual studio 2017\studia\landofblood\landofblood\x64\debug\terrainchunk.obj
f:\visual studio\visual studio 2017\studia\landofblood\landofblood\x64\debug\resource.obj
f:\visual studio\visual studio 2017\studia\landofblood\landofblood\x64\debug\landofblood.obj
f:\visual studio\visual studio 2017\studia\landofblood\landofblood\x64\debug\gameworld.obj
d:\git\rts-game\landofblood\landofblood\x64\debug\vc143.pdb
d:\git\rts-game\landofblood\landofblood\x64\debug\vc143.idb
d:\git\rts-game\landofblood\landofblood\x64\debug\resource.obj
f:\visual studio\visual studio 2017\studia\landofblood\x64\debug\landofblood.exe
f:\visual studio\visual studio 2017\studia\landofblood\landofblood\x64\debug\landofblood.ilk
f:\visual studio\visual studio 2017\studia\landofblood\x64\debug\landofblood.pdb
d:\git\rts-game\landofblood\x64\debug\landofblood.exe
d:\git\rts-game\landofblood\landofblood\x64\debug\landofblood.ilk
d:\git\rts-game\landofblood\x64\debug\landofblood.pdb
d:\git\rts-game\landofblood\landofblood\x64\debug\gameworld.obj
d:\git\rts-game\landofblood\landofblood\x64\debug\landofblood.obj
d:\git\rts-game\landofblood\landofblood\x64\debug\terrainchunk.obj
d:\git\rts-game\landofblood\landofblood\x64\debug\utils.obj
d:\git\rts-game\landofblood\landofblood\x64\debug\landofblood.tlog\cl.command.1.tlog
d:\git\rts-game\landofblood\landofblood\x64\debug\landofblood.tlog\cl.read.1.tlog
d:\git\rts-game\landofblood\landofblood\x64\debug\landofblood.tlog\cl.write.1.tlog
d:\git\rts-game\landofblood\landofblood\x64\debug\landofblood.tlog\link.command.1.tlog
d:\git\rts-game\landofblood\landofblood\x64\debug\landofblood.tlog\link.read.1.tlog
d:\git\rts-game\landofblood\landofblood\x64\debug\landofblood.tlog\link.write.1.tlog
